<?xml version="1.0" encoding="UTF-8"?>
<!-- Generated by org.testng.reporters.JUnitReportReporter -->
<testsuite skipped="0" hostname="DESKTOP-GRVTC7V" name="com.Techshine.testCase.login" tests="2" failures="0" timestamp="02 一月 2018 08:36:29 GMT" time="9.551" errors="0">
  <testcase name="getLoginHome" time="8.866" classname="com.Techshine.testCase.login"/>
  <testcase name="testLogin" time="0.685" classname="com.Techshine.testCase.login"/>
</testsuite> <!-- com.Techshine.testCase.login -->
